<?xml version="1.0" encoding="UTF-8"?>
<!-- Generated by org.testng.reporters.JUnitReportReporter -->
<testsuite hostname="admin" failures="0" tests="1" name="testscript.mens.SS_Mens_001" time="13.665" errors="0" timestamp="2024-06-05T13:21:26 IST" skipped="0">
  <testcase classname="testscript.mens.SS_Mens_001" name="verify_Mens_Page_Is_Displayed" time="13.665"/>
  <system-out>
    <![CDATA[ShoppersStack | Men Page Displayed]]>
  </system-out>
</testsuite> <!-- testscript.mens.SS_Mens_001 -->
