<?xml version="1.0" encoding="UTF-8"?>
<!-- Generated by org.testng.reporters.JUnitReportReporter -->
<testsuite hostname="admin" failures="0" tests="1" name="testscripts.women.SS_Women_001" time="13.407" errors="0" timestamp="2024-06-05T13:23:55 IST" skipped="0">
  <testcase classname="testscripts.women.SS_Women_001" name="verify_Women_Page_Is_Displayed" time="13.407"/>
  <system-out>
    <![CDATA[ShoppersStack | Women Page Displayed]]>
  </system-out>
</testsuite> <!-- testscripts.women.SS_Women_001 -->
