<?xml version="1.0" encoding="UTF-8"?>
<!-- Generated by org.testng.reporters.JUnitReportReporter -->
<testsuite hostname="admin" failures="0" tests="1" name="testscripts.registration.SSID_Regi_001" time="17.465" errors="0" timestamp="2024-06-09T17:56:28 IST" skipped="0">
  <testcase classname="testscripts.registration.SSID_Regi_001" name="Verify_User_Is_Able_To_See_The_Signup_Page" time="17.465"/>
  <system-out>
    <![CDATA[Clicking on Account Setting
Clicking on Log out
Clicking on Login from Homepage
Clicking on Create Account
Verify_User_Is_Able_To_See_The_Signup_Page || PASS]]>
  </system-out>
</testsuite> <!-- testscripts.registration.SSID_Regi_001 -->
