<?xml version="1.0" encoding="UTF-8"?>
<!-- Generated by org.testng.reporters.JUnitReportReporter -->
<testsuite hostname="admin" failures="0" tests="1" name="testscripts.login.SSID_Login_005" time="24.469" errors="0" timestamp="2024-06-09T19:00:42 IST" skipped="0">
  <testcase classname="testscripts.login.SSID_Login_005" name="Verify_That_User_Can_Successfully_Login_With_Valid_Existing_Credentials" time="24.469"/>
  <system-out>
    <![CDATA[Clicking on Account Setting
Clicking on Log out
Clicking on Login from Homepage
Entering valid existing Email
Entering valid existing Password
Clicking on the Login Button in Login Page
Verify that user can successfully login with valid existing credentials || PASS]]>
  </system-out>
</testsuite> <!-- testscripts.login.SSID_Login_005 -->
