<?xml version="1.0" encoding="UTF-8"?>
<!-- Generated by org.testng.reporters.JUnitReportReporter -->
<testsuite hostname="admin" failures="0" tests="1" name="testscripts.productpurchase.SSID_ProductPurchase_001" time="17.981" errors="0" timestamp="2024-06-09T16:59:35 IST" skipped="0">
  <testcase classname="testscripts.productpurchase.SSID_ProductPurchase_001" name="Verify_Clicking_Buy_Now_Without_LoggingIn_Leads_To_Loginpage" time="17.981"/>
  <system-out>
    <![CDATA[Clicking on Account Setting
Clicking on Log out
Clicking on Kids Section
Clicking on a product from Kids Section
Clicking on Buy Now from Product Description page without logging in
Verify Clicking on Buy Now Without Logging In Leads To Loginpage || PASS]]>
  </system-out>
</testsuite> <!-- testscripts.productpurchase.SSID_ProductPurchase_001 -->
