<?xml version="1.0" encoding="UTF-8"?>
<!-- Generated by org.testng.reporters.JUnitReportReporter -->
<testsuite hostname="admin" failures="0" tests="1" name="testscripts.registration.SSID_Regi_027" time="17.427" errors="0" timestamp="2024-06-09T19:10:47 IST" skipped="0">
  <testcase classname="testscripts.registration.SSID_Regi_027" name="Verify_That_User_Is_Able_To_Enter_Valid_Password" time="17.427"/>
  <system-out>
    <![CDATA[Clicking on Account Setting
Clicking on Log out
Clicking on Login from Homepage
Clicking on Create Account
Clicking on Password field
Entering the Password
Verify that there is no validation error for Password field
User is able to enter valid password || PASS]]>
  </system-out>
</testsuite> <!-- testscripts.registration.SSID_Regi_027 -->
