<?xml version="1.0" encoding="UTF-8"?>
<!-- Generated by org.testng.reporters.JUnitReportReporter -->
<testsuite hostname="admin" failures="0" tests="1" name="testscripts.forgotpassword.SSID_Forgot_004" time="25.316" errors="0" timestamp="2024-06-09T16:59:35 IST" skipped="0">
  <testcase classname="testscripts.forgotpassword.SSID_Forgot_004" name="Verify_That_Reset_Link_Sent_To_User_Email_After_Clicking_Send_Reset_Link" time="25.316"/>
  <system-out>
    <![CDATA[Clicking on Account Setting
Clicking on Log out
Clicking on Login from Homepage
Clicking on Forgot Password from Login Page
Entering the Email to Reset Password
Clicking on Proceed Button
Clicking on Send Reset Link for Shopper
Verify that Password Reset Link is Sent to User Email after clicking on Send Reset Link || PASS]]>
  </system-out>
</testsuite> <!-- testscripts.forgotpassword.SSID_Forgot_004 -->
